<?xml version="1.0" encoding="UTF-8"?>
<!-- Generated by org.testng.reporters.JUnitReportReporter -->
<testsuite skipped="0" hostname="DESKTOP-77FO7BT" name="demoPractice.demo" tests="1" failures="0" timestamp="2022-09-08T11:31:15 IST" time="0.017" errors="0">
  <testcase name="domo" time="0.017" classname="demoPractice.demo"/>
  <system-out/>
</testsuite> <!-- demoPractice.demo -->
