<?xml version="1.0" encoding="UTF-8"?>
<!-- Generated by org.testng.reporters.JUnitReportReporter -->
<testsuite skipped="0" hostname="DESKTOP-77FO7BT" name="ddt.ReadDataFromCmdLineTest" tests="1" failures="0" timestamp="2022-09-09T11:48:24 IST" time="0.013" errors="0">
  <testcase name="readDataTest" time="0.013" classname="ddt.ReadDataFromCmdLineTest"/>
  <system-out/>
</testsuite> <!-- ddt.ReadDataFromCmdLineTest -->
